-------------------------------------------------------------------------------
Test set: org.semanticweb.HermiT.reasoner.OWLReasonerTest
-------------------------------------------------------------------------------
Tests run: 8, Failures: 1, Errors: 0, Skipped: 0, Time elapsed: 0.037 sec <<< FAILURE!
testGetDataPropertyValues(org.semanticweb.HermiT.reasoner.OWLReasonerTest)  Time elapsed: 0.009 sec  <<< FAILURE!
junit.framework.AssertionFailedError: expected:<3> but was:<2>
	at junit.framework.Assert.fail(Assert.java:47)
	at junit.framework.Assert.failNotEquals(Assert.java:282)
	at junit.framework.Assert.assertEquals(Assert.java:64)
	at junit.framework.Assert.assertEquals(Assert.java:201)
	at junit.framework.Assert.assertEquals(Assert.java:207)
	at org.semanticweb.HermiT.AbstractHermiTTest.assertContainsAll(AbstractHermiTTest.java:59)
	at org.semanticweb.HermiT.reasoner.OWLReasonerTest.testGetDataPropertyValues(OWLReasonerTest.java:217)

