<?xml version="1.0" encoding="UTF-8" ?>
<testsuite failures="10" time="0.242" errors="0" skipped="0" tests="32" name="org.semanticweb.HermiT.structural.ClausificationDatatypesTest">
  <properties>
    <property name="java.runtime.name" value="OpenJDK Runtime Environment"/>
    <property name="sun.boot.library.path" value="/usr/lib/jvm/java-6-openjdk-i386/jre/lib/i386"/>
    <property name="java.vm.version" value="20.0-b12"/>
    <property name="java.vm.vendor" value="Sun Microsystems Inc."/>
    <property name="java.vendor.url" value="http://java.sun.com/"/>
    <property name="path.separator" value=":"/>
    <property name="java.vm.name" value="OpenJDK Server VM"/>
    <property name="file.encoding.pkg" value="sun.io"/>
    <property name="user.country" value="GB"/>
    <property name="sun.java.launcher" value="SUN_STANDARD"/>
    <property name="sun.os.patch.level" value="unknown"/>
    <property name="java.vm.specification.name" value="Java Virtual Machine Specification"/>
    <property name="user.dir" value="/mnt/sdb1/home/phillord/src/knowledge/hermit/HermiT/trunk/HermiT"/>
    <property name="java.runtime.version" value="1.6.0_24-b24"/>
    <property name="java.awt.graphicsenv" value="sun.awt.X11GraphicsEnvironment"/>
    <property name="java.endorsed.dirs" value="/usr/lib/jvm/java-6-openjdk-i386/jre/lib/endorsed"/>
    <property name="os.arch" value="i386"/>
    <property name="java.io.tmpdir" value="/tmp"/>
    <property name="line.separator" value="
"/>
    <property name="java.vm.specification.vendor" value="Sun Microsystems Inc."/>
    <property name="os.name" value="Linux"/>
    <property name="classworlds.conf" value="/usr/share/maven2/bin/m2.conf"/>
    <property name="sun.jnu.encoding" value="UTF-8"/>
    <property name="java.library.path" value="/usr/lib/jvm/java-6-openjdk-i386/jre/lib/i386/server:/usr/lib/jvm/java-6-openjdk-i386/jre/lib/i386:/usr/lib/jvm/java-6-openjdk-i386/jre/../lib/i386:/usr/java/packages/lib/i386:/usr/lib/i386-linux-gnu/jni:/lib/i386-linux-gnu:/usr/lib/i386-linux-gnu:/usr/lib/jni:/lib:/usr/lib"/>
    <property name="java.specification.name" value="Java Platform API Specification"/>
    <property name="java.class.version" value="50.0"/>
    <property name="sun.management.compiler" value="HotSpot Tiered Compilers"/>
    <property name="os.version" value="3.2.0-32-generic"/>
    <property name="user.home" value="/home/phillord"/>
    <property name="user.timezone" value="Europe/London"/>
    <property name="java.awt.printerjob" value="sun.print.PSPrinterJob"/>
    <property name="file.encoding" value="UTF-8"/>
    <property name="java.specification.version" value="1.6"/>
    <property name="user.name" value="phillord"/>
    <property name="java.class.path" value="/usr/share/maven2/boot/classworlds.jar"/>
    <property name="java.vm.specification.version" value="1.0"/>
    <property name="sun.arch.data.model" value="32"/>
    <property name="java.home" value="/usr/lib/jvm/java-6-openjdk-i386/jre"/>
    <property name="sun.java.command" value="org.codehaus.classworlds.Launcher &quot;test&quot;"/>
    <property name="java.specification.vendor" value="Sun Microsystems Inc."/>
    <property name="user.language" value="en"/>
    <property name="java.vm.info" value="mixed mode"/>
    <property name="java.version" value="1.6.0_24"/>
    <property name="java.ext.dirs" value="/usr/lib/jvm/java-6-openjdk-i386/jre/lib/ext:/usr/java/packages/lib/ext"/>
    <property name="securerandom.source" value="file:/dev/./urandom"/>
    <property name="sun.boot.class.path" value="/usr/lib/jvm/java-6-openjdk-i386/jre/lib/resources.jar:/usr/lib/jvm/java-6-openjdk-i386/jre/lib/rt.jar:/usr/lib/jvm/java-6-openjdk-i386/jre/lib/sunrsasign.jar:/usr/lib/jvm/java-6-openjdk-i386/jre/lib/jsse.jar:/usr/lib/jvm/java-6-openjdk-i386/jre/lib/jce.jar:/usr/lib/jvm/java-6-openjdk-i386/jre/lib/charsets.jar:/usr/lib/jvm/java-6-openjdk-i386/jre/lib/netx.jar:/usr/lib/jvm/java-6-openjdk-i386/jre/lib/plugin.jar:/usr/lib/jvm/java-6-openjdk-i386/jre/lib/rhino.jar:/usr/lib/jvm/java-6-openjdk-i386/jre/lib/modules/jdk.boot.jar:/usr/lib/jvm/java-6-openjdk-i386/jre/classes"/>
    <property name="java.vendor" value="Sun Microsystems Inc."/>
    <property name="maven.home" value="/usr/share/maven2"/>
    <property name="file.separator" value="/"/>
    <property name="java.vendor.url.bug" value="http://java.sun.com/cgi-bin/bugreport.cgi"/>
    <property name="sun.cpu.endian" value="little"/>
    <property name="sun.io.unicode.encoding" value="UnicodeLittle"/>
    <property name="sun.desktop" value="gnome"/>
    <property name="sun.cpu.isalist" value=""/>
  </properties>
  <testcase time="0.006" classname="org.semanticweb.HermiT.structural.ClausificationDatatypesTest" name="testDataPropertiesHasValue1">
    <failure type="junit.framework.AssertionFailedError">junit.framework.AssertionFailedError
	at junit.framework.Assert.fail(Assert.java:47)
	at junit.framework.Assert.assertTrue(Assert.java:20)
	at junit.framework.Assert.assertTrue(Assert.java:27)
	at org.semanticweb.HermiT.structural.AbstractStructuralTest.assertContainsAll(AbstractStructuralTest.java:38)
	at org.semanticweb.HermiT.structural.ClausificationDatatypesTest.testDataPropertiesHasValue1(ClausificationDatatypesTest.java:15)
</failure>
    <system-out>Test testDataPropertiesHasValue1 failed!
Control set (1 elements):
------------------------------------------
atLeast(1 :hasAge { &quot;18&quot;^^xsd:int })(X) :- :Eighteen(X)
------------------------------------------
Actual set (1 elements):
------------------------------------------
atLeast(1 :hasAge { &quot;18&quot;^^xsd:integer })(X) :- :Eighteen(X)
------------------------------------------
</system-out>
  </testcase>
  <testcase time="0.014" classname="org.semanticweb.HermiT.structural.ClausificationDatatypesTest" name="testDataPropertiesHasValue2">
    <failure type="junit.framework.AssertionFailedError">junit.framework.AssertionFailedError
	at junit.framework.Assert.fail(Assert.java:47)
	at junit.framework.Assert.assertTrue(Assert.java:20)
	at junit.framework.Assert.assertTrue(Assert.java:27)
	at org.semanticweb.HermiT.structural.AbstractStructuralTest.assertContainsAll(AbstractStructuralTest.java:38)
	at org.semanticweb.HermiT.structural.ClausificationDatatypesTest.testDataPropertiesHasValue2(ClausificationDatatypesTest.java:24)
</failure>
    <system-out>Test testDataPropertiesHasValue2 failed!
Control set (1 elements):
------------------------------------------
:Eighteen(X) v not({ &quot;18&quot;^^xsd:int })(Y) :- :hasAge(X,Y)
------------------------------------------
Actual set (1 elements):
------------------------------------------
:Eighteen(X) v not({ &quot;18&quot;^^xsd:integer })(Y) :- :hasAge(X,Y)
------------------------------------------
</system-out>
  </testcase>
  <testcase time="0.003" classname="org.semanticweb.HermiT.structural.ClausificationDatatypesTest" name="testDataPropertiesAll1"/>
  <testcase time="0.003" classname="org.semanticweb.HermiT.structural.ClausificationDatatypesTest" name="testDataPropertiesAll2"/>
  <testcase time="0.003" classname="org.semanticweb.HermiT.structural.ClausificationDatatypesTest" name="testDataPropertiesSome1"/>
  <testcase time="0.003" classname="org.semanticweb.HermiT.structural.ClausificationDatatypesTest" name="testDataPropertiesSome2"/>
  <testcase time="0.005" classname="org.semanticweb.HermiT.structural.ClausificationDatatypesTest" name="testDataPropertiesDataOneOf1">
    <failure type="junit.framework.AssertionFailedError">junit.framework.AssertionFailedError
	at junit.framework.Assert.fail(Assert.java:47)
	at junit.framework.Assert.assertTrue(Assert.java:20)
	at junit.framework.Assert.assertTrue(Assert.java:27)
	at org.semanticweb.HermiT.structural.AbstractStructuralTest.assertContainsAll(AbstractStructuralTest.java:38)
	at org.semanticweb.HermiT.structural.ClausificationDatatypesTest.testDataPropertiesDataOneOf1(ClausificationDatatypesTest.java:69)
</failure>
    <system-out>Test testDataPropertiesDataOneOf1 failed!
Control set (1 elements):
------------------------------------------
{ &quot;Peter&quot; &quot;19&quot;^^xsd:int }(Y) :- :A(X), :dp(X,Y)
------------------------------------------
Actual set (1 elements):
------------------------------------------
{ &quot;19&quot;^^xsd:integer &quot;Peter&quot;^^xsd:string }(Y) :- :A(X), :dp(X,Y)
------------------------------------------
</system-out>
  </testcase>
  <testcase time="0.005" classname="org.semanticweb.HermiT.structural.ClausificationDatatypesTest" name="testDataPropertiesDataOneOf2">
    <failure type="junit.framework.AssertionFailedError">junit.framework.AssertionFailedError
	at junit.framework.Assert.fail(Assert.java:47)
	at junit.framework.Assert.assertTrue(Assert.java:20)
	at junit.framework.Assert.assertTrue(Assert.java:27)
	at org.semanticweb.HermiT.structural.AbstractStructuralTest.assertContainsAll(AbstractStructuralTest.java:38)
	at org.semanticweb.HermiT.structural.ClausificationDatatypesTest.testDataPropertiesDataOneOf2(ClausificationDatatypesTest.java:78)
</failure>
    <system-out>Test testDataPropertiesDataOneOf2 failed!
Control set (1 elements):
------------------------------------------
:A(X) v atLeast(1 :dp not({ &quot;19&quot;^^xsd:int &quot;18&quot;^^xsd:int }))(X) :- owl:Thing(X)
------------------------------------------
Actual set (1 elements):
------------------------------------------
:A(X) v atLeast(1 :dp not({ &quot;19&quot;^^xsd:integer &quot;18&quot;^^xsd:integer }))(X) :- owl:Thing(X)
------------------------------------------
</system-out>
  </testcase>
  <testcase time="0.005" classname="org.semanticweb.HermiT.structural.ClausificationDatatypesTest" name="testDataPropertiesDataOneOf3">
    <failure type="junit.framework.AssertionFailedError">junit.framework.AssertionFailedError
	at junit.framework.Assert.fail(Assert.java:47)
	at junit.framework.Assert.assertTrue(Assert.java:20)
	at junit.framework.Assert.assertTrue(Assert.java:27)
	at org.semanticweb.HermiT.structural.AbstractStructuralTest.assertContainsAll(AbstractStructuralTest.java:38)
	at org.semanticweb.HermiT.structural.ClausificationDatatypesTest.testDataPropertiesDataOneOf3(ClausificationDatatypesTest.java:87)
</failure>
    <system-out>Test testDataPropertiesDataOneOf3 failed!
Control set (1 elements):
------------------------------------------
:A(X) v atLeast(1 :dp not({ &quot;18&quot;^^xsd:int &quot;abc&quot; }))(X) :- owl:Thing(X)
------------------------------------------
Actual set (1 elements):
------------------------------------------
:A(X) v atLeast(1 :dp not({ &quot;abc&quot;^^xsd:string &quot;18&quot;^^xsd:integer }))(X) :- owl:Thing(X)
------------------------------------------
</system-out>
  </testcase>
  <testcase time="0.018" classname="org.semanticweb.HermiT.structural.ClausificationDatatypesTest" name="testDataPropertiesDataOneOf4">
    <failure type="junit.framework.AssertionFailedError">junit.framework.AssertionFailedError
	at junit.framework.Assert.fail(Assert.java:47)
	at junit.framework.Assert.assertTrue(Assert.java:20)
	at junit.framework.Assert.assertTrue(Assert.java:27)
	at org.semanticweb.HermiT.structural.AbstractStructuralTest.assertContainsAll(AbstractStructuralTest.java:38)
	at org.semanticweb.HermiT.structural.ClausificationDatatypesTest.testDataPropertiesDataOneOf4(ClausificationDatatypesTest.java:96)
</failure>
    <system-out>Test testDataPropertiesDataOneOf4 failed!
Control set (1 elements):
------------------------------------------
{ &quot;18&quot;^^xsd:int &quot;abc&quot; }(Y) :- :A(X), :dp(X,Y)
------------------------------------------
Actual set (1 elements):
------------------------------------------
{ &quot;abc&quot;^^xsd:string &quot;18&quot;^^xsd:integer }(Y) :- :A(X), :dp(X,Y)
------------------------------------------
</system-out>
  </testcase>
  <testcase time="0.005" classname="org.semanticweb.HermiT.structural.ClausificationDatatypesTest" name="testDataPropertiesDataComplementOf1">
    <failure type="junit.framework.AssertionFailedError">junit.framework.AssertionFailedError
	at junit.framework.Assert.fail(Assert.java:47)
	at junit.framework.Assert.assertTrue(Assert.java:20)
	at junit.framework.Assert.assertTrue(Assert.java:27)
	at org.semanticweb.HermiT.structural.AbstractStructuralTest.assertContainsAll(AbstractStructuralTest.java:38)
	at org.semanticweb.HermiT.structural.ClausificationDatatypesTest.testDataPropertiesDataComplementOf1(ClausificationDatatypesTest.java:105)
</failure>
    <system-out>Test testDataPropertiesDataComplementOf1 failed!
Control set (1 elements):
------------------------------------------
{ &quot;19&quot;^^xsd:int &quot;18&quot;^^xsd:int }(Y) :- :A(X), :dp(X,Y)
------------------------------------------
Actual set (1 elements):
------------------------------------------
{ &quot;19&quot;^^xsd:integer &quot;18&quot;^^xsd:integer }(Y) :- :A(X), :dp(X,Y)
------------------------------------------
</system-out>
  </testcase>
  <testcase time="0.008" classname="org.semanticweb.HermiT.structural.ClausificationDatatypesTest" name="testDataPropertiesDataComplementOf2">
    <failure type="junit.framework.AssertionFailedError">junit.framework.AssertionFailedError
	at junit.framework.Assert.fail(Assert.java:47)
	at junit.framework.Assert.assertTrue(Assert.java:20)
	at junit.framework.Assert.assertTrue(Assert.java:27)
	at org.semanticweb.HermiT.structural.AbstractStructuralTest.assertContainsAll(AbstractStructuralTest.java:38)
	at org.semanticweb.HermiT.structural.ClausificationDatatypesTest.testDataPropertiesDataComplementOf2(ClausificationDatatypesTest.java:114)
</failure>
    <system-out>Test testDataPropertiesDataComplementOf2 failed!
Control set (1 elements):
------------------------------------------
not({ &quot;19&quot;^^xsd:int &quot;18&quot;^^xsd:int })(Y) :- :A(X), :dp(X,Y)
------------------------------------------
Actual set (1 elements):
------------------------------------------
not({ &quot;19&quot;^^xsd:integer &quot;18&quot;^^xsd:integer })(Y) :- :A(X), :dp(X,Y)
------------------------------------------
</system-out>
  </testcase>
  <testcase time="0.004" classname="org.semanticweb.HermiT.structural.ClausificationDatatypesTest" name="testDataPropertiesMax1"/>
  <testcase time="0.003" classname="org.semanticweb.HermiT.structural.ClausificationDatatypesTest" name="testDataPropertiesMax2"/>
  <testcase time="0.004" classname="org.semanticweb.HermiT.structural.ClausificationDatatypesTest" name="testDataPropertiesMax3"/>
  <testcase time="0.003" classname="org.semanticweb.HermiT.structural.ClausificationDatatypesTest" name="testDataPropertiesMax4"/>
  <testcase time="0.003" classname="org.semanticweb.HermiT.structural.ClausificationDatatypesTest" name="testDataPropertiesMin1"/>
  <testcase time="0.004" classname="org.semanticweb.HermiT.structural.ClausificationDatatypesTest" name="testDataPropertiesMin2"/>
  <testcase time="0.003" classname="org.semanticweb.HermiT.structural.ClausificationDatatypesTest" name="testDataPropertiesMin3"/>
  <testcase time="0.003" classname="org.semanticweb.HermiT.structural.ClausificationDatatypesTest" name="testDataPropertiesMin4"/>
  <testcase time="0.011" classname="org.semanticweb.HermiT.structural.ClausificationDatatypesTest" name="testDataPropertiesExact1"/>
  <testcase time="0.004" classname="org.semanticweb.HermiT.structural.ClausificationDatatypesTest" name="testDataPropertiesExact2"/>
  <testcase time="0.066" classname="org.semanticweb.HermiT.structural.ClausificationDatatypesTest" name="testDataPropertiesExact3"/>
  <testcase time="0.004" classname="org.semanticweb.HermiT.structural.ClausificationDatatypesTest" name="testDataPropertiesExact4"/>
  <testcase time="0.004" classname="org.semanticweb.HermiT.structural.ClausificationDatatypesTest" name="testDataIntersectionOf"/>
  <testcase time="0.004" classname="org.semanticweb.HermiT.structural.ClausificationDatatypesTest" name="testDataIntersectionOf2"/>
  <testcase time="0.003" classname="org.semanticweb.HermiT.structural.ClausificationDatatypesTest" name="testDataIntersectionOf3"/>
  <testcase time="0.004" classname="org.semanticweb.HermiT.structural.ClausificationDatatypesTest" name="testDataUnionOf1"/>
  <testcase time="0.003" classname="org.semanticweb.HermiT.structural.ClausificationDatatypesTest" name="testDataComplementOf1"/>
  <testcase time="0.003" classname="org.semanticweb.HermiT.structural.ClausificationDatatypesTest" name="testDataComplementOf2"/>
  <testcase time="0.006" classname="org.semanticweb.HermiT.structural.ClausificationDatatypesTest" name="testDataComplementOf3">
    <failure type="junit.framework.AssertionFailedError">junit.framework.AssertionFailedError
	at junit.framework.Assert.fail(Assert.java:47)
	at junit.framework.Assert.assertTrue(Assert.java:20)
	at junit.framework.Assert.assertTrue(Assert.java:27)
	at org.semanticweb.HermiT.structural.AbstractStructuralTest.assertContainsAll(AbstractStructuralTest.java:38)
	at org.semanticweb.HermiT.structural.ClausificationDatatypesTest.testDataComplementOf3(ClausificationDatatypesTest.java:290)
</failure>
    <system-out>Test testDataComplementOf3 failed!
Control set (2 elements):
------------------------------------------
not({ &quot;4.3&quot;^^xsd:double &quot;5&quot;^^xsd:int })(X) v not({ &quot;5&quot;^^xsd:int })(X) :- defdata:0(X)
defdata:0(Y) :- :dp(X,Y)
------------------------------------------
Actual set (2 elements):
------------------------------------------
defdata:0(Y) :- :dp(X,Y)
not({ &quot;5&quot;^^xsd:integer })(X) v not({ &quot;5&quot;^^xsd:nonNegativeInteger &quot;4.3&quot;^^xsd:double })(X) :- defdata:0(X)
------------------------------------------
</system-out>
  </testcase>
  <testcase time="0.006" classname="org.semanticweb.HermiT.structural.ClausificationDatatypesTest" name="testDataComplementOf4">
    <failure type="junit.framework.AssertionFailedError">junit.framework.AssertionFailedError
	at junit.framework.Assert.fail(Assert.java:47)
	at junit.framework.Assert.assertTrue(Assert.java:20)
	at junit.framework.Assert.assertTrue(Assert.java:27)
	at org.semanticweb.HermiT.structural.AbstractStructuralTest.assertContainsAll(AbstractStructuralTest.java:38)
	at org.semanticweb.HermiT.structural.ClausificationDatatypesTest.testDataComplementOf4(ClausificationDatatypesTest.java:299)
</failure>
    <system-out>Test testDataComplementOf4 failed!
Control set (3 elements):
------------------------------------------
{ &quot;4.3&quot;^^xsd:double &quot;5&quot;^^xsd:int }(X) :- defdata:0(X)
{ &quot;5&quot;^^xsd:int }(X) :- defdata:0(X)
:A(X) v atLeast(1 :dp defdata:0)(X) :- owl:Thing(X)
------------------------------------------
Actual set (3 elements):
------------------------------------------
:A(X) v atLeast(1 :dp defdata:0)(X) :- owl:Thing(X)
{ &quot;5&quot;^^xsd:integer }(X) :- defdata:0(X)
{ &quot;5&quot;^^xsd:nonNegativeInteger &quot;4.3&quot;^^xsd:double }(X) :- defdata:0(X)
------------------------------------------
</system-out>
  </testcase>
</testsuite>